[00:24:58.973] [INFO] Running addon-a11y-addon-test automigration
[00:24:58.973] [DEBUG] Extracting storybook data...
[00:24:58.973] [DEBUG] Getting Storybook info...
[00:24:59.045] [ERROR] [38;2;241;97;97mSB_CORE-SERVER_0007 (MainFileEvaluationError): Storybook couldn't evaluate your .storybook/main.ts file.

Original error:
Error [ERR_MODULE_NOT_FOUND]: Cannot find package '@chromatic-com/storybook' imported from /.storybook/main.ts
    at Object.getPackageJSONURL (node:internal/modules/package_json_reader:314:9)
    at packageResolve (node:internal/modules/esm/resolve:768:81)
    at moduleResolve (node:internal/modules/esm/resolve:855:18)
    at defaultResolve (node:internal/modules/esm/resolve:985:11)
    at nextResolve (node:internal/modules/esm/hooks:748:28)
    at Hooks.resolve (node:internal/modules/esm/hooks:240:30)
    at MessagePort.handleMessage (node:internal/modules/esm/worker:199:24)
    at [nodejs.internal.kHybridDispatch] (node:internal/event_target:843:20)
    at MessagePort.<anonymous> (node:internal/per_context/messageport:23:28)[39m
    at loadMainConfig (file:///Users/gaku-aoki/.npm/_npx/b22fc93b1d305722/node_modules/storybook/dist/_node-chunks/chunk-GOY6UMCB.js:11712:11)
    at async getStorybookInfo (file:///Users/gaku-aoki/.npm/_npx/b22fc93b1d305722/node_modules/storybook/dist/_node-chunks/chunk-GOY6UMCB.js:11801:59)
    at async getStorybookData (file:///Users/gaku-aoki/.npm/_npx/b22fc93b1d305722/node_modules/@storybook/cli/dist/_node-chunks/chunk-EHJ3FCVX.js:169:7)
    at async doAutomigrate (file:///Users/gaku-aoki/.npm/_npx/b22fc93b1d305722/node_modules/@storybook/cli/dist/_node-chunks/run-UE2YPBJ7.js:7763:7)
    at async file:///Users/gaku-aoki/.npm/_npx/b22fc93b1d305722/node_modules/@storybook/cli/dist/_node-chunks/run-UE2YPBJ7.js:9727:90
    at async withTelemetry (file:///Users/gaku-aoki/.npm/_npx/b22fc93b1d305722/node_modules/storybook/dist/_node-chunks/chunk-FIR43JGQ.js:225:12)
[00:24:59.045] [INFO] Storybook collects completely anonymous usage telemetry. We use it to shape Storybook's roadmap and prioritize features. You can learn more, including how to opt out, at https://storybook.js.org/telemetry
[00:25:00.680] [ERROR] SB_CORE-SERVER_0007 (MainFileEvaluationError): Storybook couldn't evaluate your .storybook/main.ts file.

Original error:
Error [ERR_MODULE_NOT_FOUND]: Cannot find package '@chromatic-com/storybook' imported from /.storybook/main.ts
    at Object.getPackageJSONURL (node:internal/modules/package_json_reader:314:9)
    at packageResolve (node:internal/modules/esm/resolve:768:81)
    at moduleResolve (node:internal/modules/esm/resolve:855:18)
    at defaultResolve (node:internal/modules/esm/resolve:985:11)
    at nextResolve (node:internal/modules/esm/hooks:748:28)
    at Hooks.resolve (node:internal/modules/esm/hooks:240:30)
    at MessagePort.handleMessage (node:internal/modules/esm/worker:199:24)
    at [nodejs.internal.kHybridDispatch] (node:internal/event_target:843:20)
    at MessagePort.<anonymous> (node:internal/per_context/messageport:23:28)